[19:20:27] [main/INFO]: Setting user: ForgeDevName
[19:20:28] [Client thread/INFO]: LWJGL Version: 2.9.1
[19:20:37] [Client thread/INFO]: Reloading ResourceManager: Default, FMLFileResourcePack:Forge Mod Loader, FMLFileResourcePack:Minecraft Forge, FMLFileResourcePack:Advanced Mechanics
[19:20:38] [Sound Library Loader/INFO]: Sound engine started
[19:20:40] [Client thread/INFO]: Created: 512x256 textures/blocks-atlas
[19:20:40] [Client thread/INFO]: Created: 256x256 textures/items-atlas
[19:20:40] [Client thread/INFO]: Reloading ResourceManager: Default, FMLFileResourcePack:Forge Mod Loader, FMLFileResourcePack:Minecraft Forge, FMLFileResourcePack:Advanced Mechanics
[19:20:40] [Client thread/INFO]: Created: 256x256 textures/items-atlas
[19:20:40] [Client thread/INFO]: Created: 512x256 textures/blocks-atlas
[19:20:41] [Sound Library Loader/INFO]: Sound engine started
[19:20:47] [Server thread/INFO]: Starting integrated minecraft server version 1.7.10
[19:20:47] [Server thread/INFO]: Generating keypair
[19:20:47] [Server thread/INFO]: Preparing start region for level 0
[19:20:48] [Server thread/INFO]: Changing view distance to 12, from 10
[19:20:49] [Server thread/INFO]: ForgeDevName[local:E:7406a361] logged in with entity id 246 at (-682.8288611336163, 4.0, 362.5286495843098)
[19:20:49] [Server thread/INFO]: ForgeDevName joined the game
[19:21:32] [Server thread/INFO]: Saving and pausing game...
[19:21:32] [Server thread/INFO]: Saving chunks for level 'New World'/Overworld
[19:21:32] [Server thread/INFO]: Saving chunks for level 'New World'/Nether
[19:21:32] [Server thread/INFO]: Saving chunks for level 'New World'/The End
[19:21:36] [Server thread/INFO]: Stopping server
[19:21:36] [Server thread/INFO]: Saving players
[19:21:36] [Server thread/INFO]: Saving worlds
[19:21:36] [Server thread/INFO]: Saving chunks for level 'New World'/Overworld
[19:21:36] [Server thread/INFO]: Saving chunks for level 'New World'/Nether
[19:21:36] [Server thread/INFO]: Saving chunks for level 'New World'/The End
[19:21:37] [Client thread/INFO]: Stopping!
